<?xml version="1.0" encoding="UTF-8"?>
<!-- Generated by org.testng.reporters.JUnitXMLReporter -->
<testsuite hostname="TYSS-4F-RMG-002" ignored="0" name="Test" tests="1" failures="0" timestamp="03 Nov 2017 09:42:12 GMT" time="4.527" errors="0">
  <testcase name="@BeforeMethod configBeforeMethod" time="0.001" classname="allJewel.AllJewelleryTest">
    <failure type="java.lang.NullPointerException">
      <![CDATA[java.lang.NullPointerException
	at com.bluestone.genericlib.WebDriverCommonLib.waitForpageLoad(WebDriverCommonLib.java:34)
	at allJewel.AllJewelleryTest.configBeforeMethod(AllJewelleryTest.java:57)
... Removed 27 stack frames]]>
    </failure>
  </testcase> <!-- @BeforeMethod configBeforeMethod -->
  <testcase name="watchAProduct" time="0.0" classname="allJewel.AllJewelleryTest">
    <skipped/>
  </testcase> <!-- watchAProduct -->
</testsuite> <!-- Test -->
