<?xml version="1.0" encoding="UTF-8"?>
<testng-results skipped="0" failed="1" ignored="0" total="1" passed="0">
  <reporter-output>
  </reporter-output>
  <suite name="Default suite" duration-ms="60404" started-at="2017-11-03T09:57:35Z" finished-at="2017-11-03T09:58:35Z">
    <groups>
    </groups>
    <test name="Default test" duration-ms="60404" started-at="2017-11-03T09:57:35Z" finished-at="2017-11-03T09:58:35Z">
      <class name="allJewel.AllJewelleryTest">
        <test-method status="PASS" signature="configBeforeSuite()[pri:0, instance:allJewel.AllJewelleryTest@210366b4]" name="configBeforeSuite" is-config="true" duration-ms="172" started-at="2017-11-03T15:27:34Z" finished-at="2017-11-03T15:27:35Z">
          <reporter-output>
          </reporter-output>
        </test-method> <!-- configBeforeSuite -->
        <test-method status="PASS" signature="configBeforeClass()[pri:0, instance:allJewel.AllJewelleryTest@210366b4]" name="configBeforeClass" is-config="true" duration-ms="5190" started-at="2017-11-03T15:27:35Z" finished-at="2017-11-03T15:27:40Z">
          <reporter-output>
          </reporter-output>
        </test-method> <!-- configBeforeClass -->
        <test-method status="PASS" signature="configBeforeMethod()[pri:0, instance:allJewel.AllJewelleryTest@210366b4]" name="configBeforeMethod" is-config="true" duration-ms="51260" started-at="2017-11-03T15:27:40Z" finished-at="2017-11-03T15:28:31Z">
          <reporter-output>
          </reporter-output>
        </test-method> <!-- configBeforeMethod -->
        <test-method status="FAIL" signature="watchAProduct()[pri:0, instance:allJewel.AllJewelleryTest@210366b4]" name="watchAProduct" duration-ms="6" started-at="2017-11-03T15:28:31Z" finished-at="2017-11-03T15:28:31Z">
          <exception class="java.lang.NullPointerException">
            <full-stacktrace>
              <![CDATA[java.lang.NullPointerException
	at org.openqa.selenium.interactions.Actions.<init>(Actions.java:44)
	at com.bluestone.genericlib.WebDriverCommonLib.action(WebDriverCommonLib.java:73)
	at com.bluestone.pageObjectRepository.AllJewellery.navigateToMangalsutraPage(AllJewellery.java:60)
	at allJewel.AllJewelleryTest.watchAProduct(AllJewelleryTest.java:72)
	at sun.reflect.NativeMethodAccessorImpl.invoke0(Native Method)
	at sun.reflect.NativeMethodAccessorImpl.invoke(Unknown Source)
	at sun.reflect.DelegatingMethodAccessorImpl.invoke(Unknown Source)
	at java.lang.reflect.Method.invoke(Unknown Source)
	at org.testng.internal.MethodInvocationHelper.invokeMethod(MethodInvocationHelper.java:108)
	at org.testng.internal.Invoker.invokeMethod(Invoker.java:661)
	at org.testng.internal.Invoker.invokeTestMethod(Invoker.java:869)
	at org.testng.internal.Invoker.invokeTestMethods(Invoker.java:1193)
	at org.testng.internal.TestMethodWorker.invokeTestMethods(TestMethodWorker.java:126)
	at org.testng.internal.TestMethodWorker.run(TestMethodWorker.java:109)
	at org.testng.TestRunner.privateRun(TestRunner.java:744)
	at org.testng.TestRunner.run(TestRunner.java:602)
	at org.testng.SuiteRunner.runTest(SuiteRunner.java:380)
	at org.testng.SuiteRunner.runSequentially(SuiteRunner.java:375)
	at org.testng.SuiteRunner.privateRun(SuiteRunner.java:340)
	at org.testng.SuiteRunner.run(SuiteRunner.java:289)
	at org.testng.SuiteRunnerWorker.runSuite(SuiteRunnerWorker.java:52)
	at org.testng.SuiteRunnerWorker.run(SuiteRunnerWorker.java:86)
	at org.testng.TestNG.runSuitesSequentially(TestNG.java:1301)
	at org.testng.TestNG.runSuitesLocally(TestNG.java:1226)
	at org.testng.TestNG.runSuites(TestNG.java:1144)
	at org.testng.TestNG.run(TestNG.java:1115)
	at org.testng.remote.AbstractRemoteTestNG.run(AbstractRemoteTestNG.java:132)
	at org.testng.remote.RemoteTestNG.initAndRun(RemoteTestNG.java:230)
	at org.testng.remote.RemoteTestNG.main(RemoteTestNG.java:76)
]]>
            </full-stacktrace>
          </exception> <!-- java.lang.NullPointerException -->
          <reporter-output>
          </reporter-output>
        </test-method> <!-- watchAProduct -->
        <test-method status="PASS" signature="getResult(org.testng.ITestResult)[pri:0, instance:allJewel.AllJewelleryTest@210366b4]" name="getResult" is-config="true" duration-ms="16" started-at="2017-11-03T15:28:35Z" finished-at="2017-11-03T15:28:35Z">
          <params>
            <param index="0">
              <value>
                <![CDATA[[TestResult name=watchAProduct status=FAILURE method=AllJewelleryTest.watchAProduct()[pri:0, instance:allJewel.AllJewelleryTest@210366b4] output={null}]]]>
              </value>
            </param>
          </params>
          <reporter-output>
          </reporter-output>
        </test-method> <!-- getResult -->
        <test-method status="PASS" signature="configAfterSuite()[pri:0, instance:allJewel.AllJewelleryTest@210366b4]" name="configAfterSuite" is-config="true" duration-ms="489" started-at="2017-11-03T15:28:35Z" finished-at="2017-11-03T15:28:36Z">
          <reporter-output>
          </reporter-output>
        </test-method> <!-- configAfterSuite -->
      </class> <!-- allJewel.AllJewelleryTest -->
    </test> <!-- Default test -->
  </suite> <!-- Default suite -->
</testng-results>
